# JRE version: OpenJDK Runtime Environment (11.0.13) (build 11.0.13+0-b1751.21-8125866)
# Java VM: OpenJDK 64-Bit Server VM (11.0.13+0-b1751.21-8125866, mixed mode, tiered, compressed oops, g1 gc, windows-amd64)
Heap:
 garbage-first heap   total 101376K, used 48346K [0x0000000080000000, 0x0000000100000000)
  region size 1024K, 3 young (3072K), 3 survivors (3072K)
 Metaspace       used 43949K, capacity 45047K, committed 45184K, reserved 1089536K
  class space    used 5607K, capacity 5998K, committed 6016K, reserved 1048576K
GC Heap History (20 events):
Event: 8.298 GC heap after
{Heap after GC invocations=21 (full 0):
 garbage-first heap   total 57344K, used 39375K [0x0000000080000000, 0x0000000100000000)
  region size 1024K, 1 young (1024K), 1 survivors (1024K)
 Metaspace       used 30373K, capacity 31263K, committed 31616K, reserved 1077248K
  class space    used 4020K, capacity 4355K, committed 4480K, reserved 1048576K
}
Event: 8.445 GC heap before
{Heap before GC invocations=22 (full 0):
 garbage-first heap   total 57344K, used 46543K [0x0000000080000000, 0x0000000100000000)
  region size 1024K, 8 young (8192K), 1 survivors (1024K)
 Metaspace       used 30978K, capacity 31921K, committed 32128K, reserved 1077248K
  class space    used 4124K, capacity 4468K, committed 4480K, reserved 1048576K
}
Event: 8.447 GC heap after
{Heap after GC invocations=23 (full 0):
 garbage-first heap   total 57344K, used 39568K [0x0000000080000000, 0x0000000100000000)
  region size 1024K, 1 young (1024K), 1 survivors (1024K)
 Metaspace       used 30978K, capacity 31921K, committed 32128K, reserved 1077248K
  class space    used 4124K, capacity 4468K, committed 4480K, reserved 1048576K
}
Event: 8.789 GC heap before
{Heap before GC invocations=23 (full 0):
 garbage-first heap   total 57344K, used 45712K [0x0000000080000000, 0x0000000100000000)
  region size 1024K, 8 young (8192K), 1 survivors (1024K)
 Metaspace       used 31763K, capacity 32729K, committed 32768K, reserved 1077248K
  class space    used 4246K, capacity 4608K, committed 4608K, reserved 1048576K
}
Event: 8.793 GC heap after
{Heap after GC invocations=24 (full 0):
 garbage-first heap   total 69632K, used 39827K [0x0000000080000000, 0x0000000100000000)
  region size 1024K, 1 young (1024K), 1 survivors (1024K)
 Metaspace       used 31763K, capacity 32729K, committed 32768K, reserved 1077248K
  class space    used 4246K, capacity 4608K, committed 4608K, reserved 1048576K
}
Event: 9.424 GC heap before
{Heap before GC invocations=25 (full 0):
 garbage-first heap   total 69632K, used 52115K [0x0000000080000000, 0x0000000100000000)
  region size 1024K, 13 young (13312K), 1 survivors (1024K)
 Metaspace       used 33633K, capacity 34535K, committed 34688K, reserved 1079296K
  class space    used 4526K, capacity 4870K, committed 4992K, reserved 1048576K
}
Event: 9.427 GC heap after
{Heap after GC invocations=26 (full 0):
 garbage-first heap   total 69632K, used 40458K [0x0000000080000000, 0x0000000100000000)
  region size 1024K, 2 young (2048K), 2 survivors (2048K)
 Metaspace       used 33633K, capacity 34535K, committed 34688K, reserved 1079296K
  class space    used 4526K, capacity 4870K, committed 4992K, reserved 1048576K
}
Event: 10.078 GC heap before
{Heap before GC invocations=26 (full 0):
 garbage-first heap   total 69632K, used 51722K [0x0000000080000000, 0x0000000100000000)
  region size 1024K, 14 young (14336K), 2 survivors (2048K)
 Metaspace       used 37672K, capacity 38712K, committed 38912K, reserved 1083392K
  class space    used 4899K, capacity 5284K, committed 5376K, reserved 1048576K
}
Event: 10.086 GC heap after
{Heap after GC invocations=27 (full 0):
 garbage-first heap   total 69632K, used 42337K [0x0000000080000000, 0x0000000100000000)
  region size 1024K, 2 young (2048K), 2 survivors (2048K)
 Metaspace       used 37672K, capacity 38712K, committed 38912K, reserved 1083392K
  class space    used 4899K, capacity 5284K, committed 5376K, reserved 1048576K
}
Event: 10.471 GC heap before
{Heap before GC invocations=28 (full 0):
 garbage-first heap   total 69632K, used 52577K [0x0000000080000000, 0x0000000100000000)
  region size 1024K, 13 young (13312K), 2 survivors (2048K)
 Metaspace       used 39183K, capacity 40250K, committed 40576K, reserved 1085440K
  class space    used 5039K, capacity 5433K, committed 5504K, reserved 1048576K
}
Event: 10.476 GC heap after
{Heap after GC invocations=29 (full 0):
 garbage-first heap   total 69632K, used 43876K [0x0000000080000000, 0x0000000100000000)
  region size 1024K, 2 young (2048K), 2 survivors (2048K)
 Metaspace       used 39183K, capacity 40250K, committed 40576K, reserved 1085440K
  class space    used 5039K, capacity 5433K, committed 5504K, reserved 1048576K
}
Event: 10.524 GC heap before
{Heap before GC invocations=29 (full 0):
 garbage-first heap   total 69632K, used 54116K [0x0000000080000000, 0x0000000100000000)
  region size 1024K, 12 young (12288K), 2 survivors (2048K)
 Metaspace       used 39192K, capacity 40250K, committed 40576K, reserved 1085440K
  class space    used 5039K, capacity 5433K, committed 5504K, reserved 1048576K
}
Event: 10.529 GC heap after
{Heap after GC invocations=30 (full 0):
 garbage-first heap   total 83968K, used 44768K [0x0000000080000000, 0x0000000100000000)
  region size 1024K, 2 young (2048K), 2 survivors (2048K)
 Metaspace       used 39192K, capacity 40250K, committed 40576K, reserved 1085440K
  class space    used 5039K, capacity 5433K, committed 5504K, reserved 1048576K
}
Event: 10.909 GC heap before
{Heap before GC invocations=31 (full 0):
 garbage-first heap   total 83968K, used 57056K [0x0000000080000000, 0x0000000100000000)
  region size 1024K, 15 young (15360K), 2 survivors (2048K)
 Metaspace       used 39722K, capacity 40791K, committed 40832K, reserved 1085440K
  class space    used 5093K, capacity 5502K, committed 5504K, reserved 1048576K
}
Event: 10.919 GC heap after
{Heap after GC invocations=32 (full 0):
 garbage-first heap   total 83968K, used 46592K [0x0000000080000000, 0x0000000100000000)
  region size 1024K, 3 young (3072K), 3 survivors (3072K)
 Metaspace       used 39722K, capacity 40791K, committed 40832K, reserved 1085440K
  class space    used 5093K, capacity 5502K, committed 5504K, reserved 1048576K
}
Event: 11.394 GC heap before
{Heap before GC invocations=33 (full 0):
 garbage-first heap   total 83968K, used 66048K [0x0000000080000000, 0x0000000100000000)
  region size 1024K, 19 young (19456K), 3 survivors (3072K)
 Metaspace       used 41997K, capacity 43069K, committed 43136K, reserved 1087488K
  class space    used 5313K, capacity 5705K, committed 5760K, reserved 1048576K
}
Event: 11.400 GC heap after
{Heap after GC invocations=34 (full 0):
 garbage-first heap   total 83968K, used 46921K [0x0000000080000000, 0x0000000100000000)
  region size 1024K, 1 young (1024K), 1 survivors (1024K)
 Metaspace       used 41997K, capacity 43069K, committed 43136K, reserved 1087488K
  class space    used 5313K, capacity 5705K, committed 5760K, reserved 1048576K
}
Event: 11.608 GC heap before
{Heap before GC invocations=34 (full 0):
 garbage-first heap   total 83968K, used 62281K [0x0000000080000000, 0x0000000100000000)
  region size 1024K, 17 young (17408K), 1 survivors (1024K)
 Metaspace       used 43302K, capacity 44343K, committed 44672K, reserved 1087488K
  class space    used 5506K, capacity 5898K, committed 6016K, reserved 1048576K
}
Event: 11.613 GC heap after
{Heap after GC invocations=35 (full 0):
 garbage-first heap   total 83968K, used 47346K [0x0000000080000000, 0x0000000100000000)
  region size 1024K, 2 young (2048K), 2 survivors (2048K)
 Metaspace       used 43302K, capacity 44343K, committed 44672K, reserved 1087488K
  class space    used 5506K, capacity 5898K, committed 6016K, reserved 1048576K
}
Event: 11.951 GC heap before
{Heap before GC invocations=36 (full 0):
 garbage-first heap   total 83968K, used 57586K [0x0000000080000000, 0x0000000100000000)
  region size 1024K, 14 young (14336K), 2 survivors (2048K)
 Metaspace       used 43949K, capacity 45047K, committed 45184K, reserved 1089536K
  class space    used 5607K, capacity 5998K, committed 6016K, reserved 1048576K
}

