# JRE version: OpenJDK Runtime Environment (11.0.13) (build 11.0.13+0-b1751.21-8125866)
# Java VM: OpenJDK 64-Bit Server VM (11.0.13+0-b1751.21-8125866, mixed mode, tiered, compressed oops, g1 gc, windows-amd64)
Heap:
 garbage-first heap   total 640000K, used 168783K [0x0000000080000000, 0x0000000100000000)
  region size 1024K, 8 young (8192K), 8 survivors (8192K)
 Metaspace       used 108254K, capacity 111123K, committed 111228K, reserved 1144832K
  class space    used 13896K, capacity 15042K, committed 15052K, reserved 1048576K
GC Heap History (20 events):
Event: 38.319 GC heap after
{Heap after GC invocations=55 (full 0):
 garbage-first heap   total 176128K, used 108282K [0x0000000080000000, 0x0000000100000000)
  region size 1024K, 6 young (6144K), 6 survivors (6144K)
 Metaspace       used 98553K, capacity 100887K, committed 101116K, reserved 1136640K
  class space    used 12656K, capacity 13558K, committed 13644K, reserved 1048576K
}
Event: 38.573 GC heap before
{Heap before GC invocations=55 (full 0):
 garbage-first heap   total 176128K, used 144122K [0x0000000080000000, 0x0000000100000000)
  region size 1024K, 41 young (41984K), 6 survivors (6144K)
 Metaspace       used 99446K, capacity 101754K, committed 102012K, reserved 1138688K
  class space    used 12761K, capacity 13654K, committed 13772K, reserved 1048576K
}
Event: 38.607 GC heap after
{Heap after GC invocations=56 (full 0):
 garbage-first heap   total 176128K, used 115476K [0x0000000080000000, 0x0000000100000000)
  region size 1024K, 6 young (6144K), 6 survivors (6144K)
 Metaspace       used 99446K, capacity 101754K, committed 102012K, reserved 1138688K
  class space    used 12761K, capacity 13654K, committed 13772K, reserved 1048576K
}
Event: 39.018 GC heap before
{Heap before GC invocations=56 (full 0):
 garbage-first heap   total 176128K, used 144148K [0x0000000080000000, 0x0000000100000000)
  region size 1024K, 35 young (35840K), 6 survivors (6144K)
 Metaspace       used 100022K, capacity 102433K, committed 102652K, reserved 1138688K
  class space    used 12854K, capacity 13811K, committed 13900K, reserved 1048576K
}
Event: 39.044 GC heap after
{Heap after GC invocations=57 (full 0):
 garbage-first heap   total 211968K, used 120100K [0x0000000080000000, 0x0000000100000000)
  region size 1024K, 5 young (5120K), 5 survivors (5120K)
 Metaspace       used 100022K, capacity 102433K, committed 102652K, reserved 1138688K
  class space    used 12854K, capacity 13811K, committed 13900K, reserved 1048576K
}
Event: 39.317 GC heap before
{Heap before GC invocations=58 (full 0):
 garbage-first heap   total 211968K, used 163108K [0x0000000080000000, 0x0000000100000000)
  region size 1024K, 47 young (48128K), 5 survivors (5120K)
 Metaspace       used 100649K, capacity 103082K, committed 103292K, reserved 1138688K
  class space    used 12929K, capacity 13918K, committed 14028K, reserved 1048576K
}
Event: 39.347 GC heap after
{Heap after GC invocations=59 (full 0):
 garbage-first heap   total 211968K, used 128521K [0x0000000080000000, 0x0000000100000000)
  region size 1024K, 6 young (6144K), 6 survivors (6144K)
 Metaspace       used 100649K, capacity 103082K, committed 103292K, reserved 1138688K
  class space    used 12929K, capacity 13918K, committed 14028K, reserved 1048576K
}
Event: 39.455 GC heap before
{Heap before GC invocations=59 (full 0):
 garbage-first heap   total 211968K, used 168457K [0x0000000080000000, 0x0000000100000000)
  region size 1024K, 45 young (46080K), 6 survivors (6144K)
 Metaspace       used 100918K, capacity 103419K, committed 103548K, reserved 1138688K
  class space    used 12969K, capacity 13965K, committed 14028K, reserved 1048576K
}
Event: 39.485 GC heap after
{Heap after GC invocations=60 (full 0):
 garbage-first heap   total 211968K, used 136192K [0x0000000080000000, 0x0000000100000000)
  region size 1024K, 6 young (6144K), 6 survivors (6144K)
 Metaspace       used 100918K, capacity 103419K, committed 103548K, reserved 1138688K
  class space    used 12969K, capacity 13965K, committed 14028K, reserved 1048576K
}
Event: 39.634 GC heap before
{Heap before GC invocations=60 (full 0):
 garbage-first heap   total 211968K, used 173056K [0x0000000080000000, 0x0000000100000000)
  region size 1024K, 42 young (43008K), 6 survivors (6144K)
 Metaspace       used 101201K, capacity 103689K, committed 103932K, reserved 1138688K
  class space    used 13034K, capacity 14033K, committed 14156K, reserved 1048576K
}
Event: 39.660 GC heap after
{Heap after GC invocations=61 (full 0):
 garbage-first heap   total 211968K, used 143360K [0x0000000080000000, 0x0000000100000000)
  region size 1024K, 6 young (6144K), 6 survivors (6144K)
 Metaspace       used 101201K, capacity 103689K, committed 103932K, reserved 1138688K
  class space    used 13034K, capacity 14033K, committed 14156K, reserved 1048576K
}
Event: 40.138 GC heap before
{Heap before GC invocations=61 (full 0):
 garbage-first heap   total 211968K, used 175104K [0x0000000080000000, 0x0000000100000000)
  region size 1024K, 37 young (37888K), 6 survivors (6144K)
 Metaspace       used 101945K, capacity 104370K, committed 104828K, reserved 1140736K
  class space    used 13140K, capacity 14097K, committed 14284K, reserved 1048576K
}
Event: 40.176 GC heap after
{Heap after GC invocations=62 (full 0):
 garbage-first heap   total 338944K, used 148812K [0x0000000080000000, 0x0000000100000000)
  region size 1024K, 5 young (5120K), 5 survivors (5120K)
 Metaspace       used 101945K, capacity 104370K, committed 104828K, reserved 1140736K
  class space    used 13140K, capacity 14097K, committed 14284K, reserved 1048576K
}
Event: 41.048 GC heap before
{Heap before GC invocations=63 (full 0):
 garbage-first heap   total 338944K, used 219468K [0x0000000080000000, 0x0000000100000000)
  region size 1024K, 74 young (75776K), 5 survivors (5120K)
 Metaspace       used 104200K, capacity 106730K, committed 106876K, reserved 1142784K
  class space    used 13467K, capacity 14469K, committed 14540K, reserved 1048576K
}
Event: 41.104 GC heap after
{Heap after GC invocations=64 (full 0):
 garbage-first heap   total 338944K, used 159665K [0x0000000080000000, 0x0000000100000000)
  region size 1024K, 10 young (10240K), 10 survivors (10240K)
 Metaspace       used 104200K, capacity 106730K, committed 106876K, reserved 1142784K
  class space    used 13467K, capacity 14469K, committed 14540K, reserved 1048576K
}
Event: 42.247 GC heap before
{Heap before GC invocations=64 (full 0):
 garbage-first heap   total 338944K, used 233393K [0x0000000080000000, 0x0000000100000000)
  region size 1024K, 82 young (83968K), 10 survivors (10240K)
 Metaspace       used 106377K, capacity 109132K, committed 109180K, reserved 1144832K
  class space    used 13703K, capacity 14774K, committed 14796K, reserved 1048576K
}
Event: 42.292 GC heap after
{Heap after GC invocations=65 (full 0):
 garbage-first heap   total 338944K, used 164122K [0x0000000080000000, 0x0000000100000000)
  region size 1024K, 9 young (9216K), 9 survivors (9216K)
 Metaspace       used 106377K, capacity 109132K, committed 109180K, reserved 1144832K
  class space    used 13703K, capacity 14774K, committed 14796K, reserved 1048576K
}
Event: 43.167 GC heap before
{Heap before GC invocations=65 (full 0):
 garbage-first heap   total 338944K, used 239898K [0x0000000080000000, 0x0000000100000000)
  region size 1024K, 84 young (86016K), 9 survivors (9216K)
 Metaspace       used 107508K, capacity 110333K, committed 110460K, reserved 1144832K
  class space    used 13847K, capacity 14959K, committed 15052K, reserved 1048576K
}
Event: 43.193 GC heap after
{Heap after GC invocations=66 (full 0):
 garbage-first heap   total 338944K, used 166136K [0x0000000080000000, 0x0000000100000000)
  region size 1024K, 6 young (6144K), 6 survivors (6144K)
 Metaspace       used 107508K, capacity 110333K, committed 110460K, reserved 1144832K
  class space    used 13847K, capacity 14959K, committed 15052K, reserved 1048576K
}
Event: 44.619 GC heap before
{Heap before GC invocations=67 (full 0):
 garbage-first heap   total 338944K, used 248056K [0x0000000080000000, 0x0000000100000000)
  region size 1024K, 86 young (88064K), 6 survivors (6144K)
 Metaspace       used 108254K, capacity 111123K, committed 111228K, reserved 1144832K
  class space    used 13896K, capacity 15042K, committed 15052K, reserved 1048576K
}

