# JRE version: OpenJDK Runtime Environment (11.0.13) (build 11.0.13+0-b1751.21-8125866)
# Java VM: OpenJDK 64-Bit Server VM (11.0.13+0-b1751.21-8125866, mixed mode, tiered, compressed oops, g1 gc, windows-amd64)
Heap:
 garbage-first heap   total 402432K, used 247607K [0x0000000080000000, 0x0000000100000000)
  region size 1024K, 52 young (53248K), 6 survivors (6144K)
 Metaspace       used 136522K, capacity 140445K, committed 141696K, reserved 1173504K
  class space    used 16625K, capacity 17943K, committed 18304K, reserved 1048576K
GC Heap History (20 events):
Event: 1192.928 GC heap before
{Heap before GC invocations=152 (full 0):
 garbage-first heap   total 402432K, used 343455K [0x0000000080000000, 0x0000000100000000)
  region size 1024K, 150 young (153600K), 2 survivors (2048K)
 Metaspace       used 131830K, capacity 135731K, committed 135936K, reserved 1167360K
  class space    used 16246K, capacity 17618K, committed 17664K, reserved 1048576K
}
Event: 1193.365 GC heap after
{Heap after GC invocations=153 (full 0):
 garbage-first heap   total 402432K, used 204488K [0x0000000080000000, 0x0000000100000000)
  region size 1024K, 14 young (14336K), 14 survivors (14336K)
 Metaspace       used 131830K, capacity 135731K, committed 135936K, reserved 1167360K
  class space    used 16246K, capacity 17618K, committed 17664K, reserved 1048576K
}
Event: 1193.417 GC heap before
{Heap before GC invocations=153 (full 0):
 garbage-first heap   total 402432K, used 209608K [0x0000000080000000, 0x0000000100000000)
  region size 1024K, 19 young (19456K), 14 survivors (14336K)
 Metaspace       used 131831K, capacity 135731K, committed 135936K, reserved 1167360K
  class space    used 16246K, capacity 17618K, committed 17664K, reserved 1048576K
}
Event: 1193.570 GC heap after
{Heap after GC invocations=154 (full 0):
 garbage-first heap   total 402432K, used 206058K [0x0000000080000000, 0x0000000100000000)
  region size 1024K, 2 young (2048K), 2 survivors (2048K)
 Metaspace       used 131831K, capacity 135731K, committed 135936K, reserved 1167360K
  class space    used 16246K, capacity 17618K, committed 17664K, reserved 1048576K
}
Event: 1298.669 GC heap before
{Heap before GC invocations=155 (full 0):
 garbage-first heap   total 402432K, used 284906K [0x0000000080000000, 0x0000000100000000)
  region size 1024K, 80 young (81920K), 2 survivors (2048K)
 Metaspace       used 132087K, capacity 135978K, committed 136192K, reserved 1167360K
  class space    used 16255K, capacity 17600K, committed 17664K, reserved 1048576K
}
Event: 1298.799 GC heap after
{Heap after GC invocations=156 (full 0):
 garbage-first heap   total 402432K, used 209585K [0x0000000080000000, 0x0000000100000000)
  region size 1024K, 5 young (5120K), 5 survivors (5120K)
 Metaspace       used 132087K, capacity 135978K, committed 136192K, reserved 1167360K
  class space    used 16255K, capacity 17600K, committed 17664K, reserved 1048576K
}
Event: 1300.273 GC heap before
{Heap before GC invocations=156 (full 0):
 garbage-first heap   total 402432K, used 223921K [0x0000000080000000, 0x0000000100000000)
  region size 1024K, 19 young (19456K), 5 survivors (5120K)
 Metaspace       used 132183K, capacity 136094K, committed 136192K, reserved 1167360K
  class space    used 16263K, capacity 17612K, committed 17664K, reserved 1048576K
}
Event: 1300.416 GC heap after
{Heap after GC invocations=157 (full 0):
 garbage-first heap   total 402432K, used 193113K [0x0000000080000000, 0x0000000100000000)
  region size 1024K, 2 young (2048K), 2 survivors (2048K)
 Metaspace       used 132183K, capacity 136094K, committed 136192K, reserved 1167360K
  class space    used 16263K, capacity 17612K, committed 17664K, reserved 1048576K
}
Event: 1869.437 GC heap before
{Heap before GC invocations=157 (full 0):
 garbage-first heap   total 402432K, used 312921K [0x0000000080000000, 0x0000000100000000)
  region size 1024K, 119 young (121856K), 2 survivors (2048K)
 Metaspace       used 132917K, capacity 136946K, committed 137088K, reserved 1169408K
  class space    used 16345K, capacity 17778K, committed 17792K, reserved 1048576K
}
Event: 1869.926 GC heap after
{Heap after GC invocations=158 (full 0):
 garbage-first heap   total 402432K, used 200468K [0x0000000080000000, 0x0000000100000000)
  region size 1024K, 9 young (9216K), 9 survivors (9216K)
 Metaspace       used 132917K, capacity 136946K, committed 137088K, reserved 1169408K
  class space    used 16345K, capacity 17778K, committed 17792K, reserved 1048576K
}
Event: 1874.354 GC heap before
{Heap before GC invocations=158 (full 0):
 garbage-first heap   total 402432K, used 208660K [0x0000000080000000, 0x0000000100000000)
  region size 1024K, 19 young (19456K), 9 survivors (9216K)
 Metaspace       used 132894K, capacity 136956K, committed 137088K, reserved 1169408K
  class space    used 16335K, capacity 17757K, committed 17792K, reserved 1048576K
}
Event: 1874.483 GC heap after
{Heap after GC invocations=159 (full 0):
 garbage-first heap   total 402432K, used 199592K [0x0000000080000000, 0x0000000100000000)
  region size 1024K, 3 young (3072K), 3 survivors (3072K)
 Metaspace       used 132894K, capacity 136956K, committed 137088K, reserved 1169408K
  class space    used 16335K, capacity 17757K, committed 17792K, reserved 1048576K
}
Event: 1880.714 GC heap before
{Heap before GC invocations=160 (full 0):
 garbage-first heap   total 402432K, used 328616K [0x0000000080000000, 0x0000000100000000)
  region size 1024K, 130 young (133120K), 3 survivors (3072K)
 Metaspace       used 133253K, capacity 137578K, committed 137728K, reserved 1169408K
  class space    used 16367K, capacity 17850K, committed 17920K, reserved 1048576K
}
Event: 1880.777 GC heap after
{Heap after GC invocations=161 (full 0):
 garbage-first heap   total 402432K, used 206683K [0x0000000080000000, 0x0000000100000000)
  region size 1024K, 10 young (10240K), 10 survivors (10240K)
 Metaspace       used 133253K, capacity 137578K, committed 137728K, reserved 1169408K
  class space    used 16367K, capacity 17850K, committed 17920K, reserved 1048576K
}
Event: 1881.933 GC heap before
{Heap before GC invocations=161 (full 0):
 garbage-first heap   total 402432K, used 214875K [0x0000000080000000, 0x0000000100000000)
  region size 1024K, 19 young (19456K), 10 survivors (10240K)
 Metaspace       used 133464K, capacity 137848K, committed 138112K, reserved 1169408K
  class space    used 16411K, capacity 17932K, committed 18048K, reserved 1048576K
}
Event: 1882.022 GC heap after
{Heap after GC invocations=162 (full 0):
 garbage-first heap   total 402432K, used 199341K [0x0000000080000000, 0x0000000100000000)
  region size 1024K, 2 young (2048K), 2 survivors (2048K)
 Metaspace       used 133464K, capacity 137848K, committed 138112K, reserved 1169408K
  class space    used 16411K, capacity 17932K, committed 18048K, reserved 1048576K
}
Event: 2641.943 GC heap before
{Heap before GC invocations=162 (full 0):
 garbage-first heap   total 402432K, used 216749K [0x0000000080000000, 0x0000000100000000)
  region size 1024K, 19 young (19456K), 2 survivors (2048K)
 Metaspace       used 133482K, capacity 137848K, committed 138112K, reserved 1169408K
  class space    used 16411K, capacity 17932K, committed 18048K, reserved 1048576K
}
Event: 2642.327 GC heap after
{Heap after GC invocations=163 (full 0):
 garbage-first heap   total 402432K, used 198596K [0x0000000080000000, 0x0000000100000000)
  region size 1024K, 1 young (1024K), 1 survivors (1024K)
 Metaspace       used 133482K, capacity 137848K, committed 138112K, reserved 1169408K
  class space    used 16411K, capacity 17932K, committed 18048K, reserved 1048576K
}
Event: 3393.110 GC heap before
{Heap before GC invocations=163 (full 0):
 garbage-first heap   total 402432K, used 255940K [0x0000000080000000, 0x0000000100000000)
  region size 1024K, 57 young (58368K), 1 survivors (1024K)
 Metaspace       used 134276K, capacity 138703K, committed 138880K, reserved 1169408K
  class space    used 16505K, capacity 18015K, committed 18048K, reserved 1048576K
}
Event: 3393.286 GC heap after
{Heap after GC invocations=164 (full 0):
 garbage-first heap   total 402432K, used 203575K [0x0000000080000000, 0x0000000100000000)
  region size 1024K, 6 young (6144K), 6 survivors (6144K)
 Metaspace       used 134276K, capacity 138703K, committed 138880K, reserved 1169408K
  class space    used 16505K, capacity 18015K, committed 18048K, reserved 1048576K
}

